#
# There is insufficient memory for the Java Runtime Environment to continue.
# Native memory allocation (mmap) failed to map 134217728 bytes for G1 virtual space
# Possible reasons:
#   The system is out of physical RAM or swap space
#   The process is running with CompressedOops enabled, and the Java Heap may be blocking the growth of the native heap
# Possible solutions:
#   Reduce memory load on the system
#   Increase physical memory or swap space
#   Check if swap backing store is full
#   Decrease Java heap size (-Xmx/-Xms)
#   Decrease number of Java threads
#   Decrease Java thread stack sizes (-Xss)
#   Set larger code cache with -XX:ReservedCodeCacheSize=
#   JVM is running with Unscaled Compressed Oops mode in which the Java heap is
#     placed in the first 4GB address space. The Java Heap base address is the
#     maximum limit for the native heap growth. Please use -XX:HeapBaseMinAddress
#     to set the Java Heap base and to place the Java Heap above 4GB virtual address.
# This output file may be truncated or incomplete.
#
#  Out of Memory Error (os_windows.cpp:3469), pid=12736, tid=13152
#
# JRE version:  (17.0.1+12) (build )
# Java VM: Java HotSpot(TM) 64-Bit Server VM (17.0.1+12-LTS-39, mixed mode, sharing, tiered, compressed oops, compressed class ptrs, g1 gc, windows-amd64)
# No core dump will be written. Minidumps are not enabled by default on client versions of Windows
#

---------------  S U M M A R Y ------------

Command Line: com.mycompany.truongducthang.java

Host: Intel(R) Core(TM) i7-4600U CPU @ 2.10GHz, 4 cores, 7G,  Windows 10 , 64 bit Build 19041 (10.0.19041.1202)
Time: Wed Nov 10 14:29:41 2021 SE Asia Standard Time elapsed time: 0.011127 seconds (0d 0h 0m 0s)

---------------  T H R E A D  ---------------

Current thread (0x0000028ea9c2d9b0):  JavaThread "Unknown thread" [_thread_in_vm, id=13152, stack(0x000000fc01600000,0x000000fc01700000)]

Stack: [0x000000fc01600000,0x000000fc01700000]
Native frames: (J=compiled Java code, j=interpreted, Vv=VM code, C=native code)
V  [jvm.dll+0x66fa1a]
V  [jvm.dll+0x7ce5a4]
V  [jvm.dll+0x7cfd4e]
V  [jvm.dll+0x7d03b3]
V  [jvm.dll+0x242b05]
V  [jvm.dll+0x66ca39]
V  [jvm.dll+0x661502]
V  [jvm.dll+0x30081b]
V  [jvm.dll+0x307da6]
V  [jvm.dll+0x357a1e]
V  [jvm.dll+0x357c4f]
V  [jvm.dll+0x2d7ad8]
V  [jvm.dll+0x2d8a44]
V  [jvm.dll+0x7a01e1]
V  [jvm.dll+0x365791]
V  [jvm.dll+0x77f6cc]
V  [jvm.dll+0x3e812f]
V  [jvm.dll+0x3e9bd1]
C  [jli.dll+0x527b]
C  [ucrtbase.dll+0x21bb2]
C  [KERNEL32.DLL+0x17034]
C  [ntdll.dll+0x52651]


---------------  P R O C E S S  ---------------

Threads class SMR info:
_java_thread_list=0x00007ffee4687818, length=0, elements={
}

Java Threads: ( => current thread )

Other Threads:
  0x0000028ea9c6c330 GCTaskThread "GC Thread#0" [stack: 0x000000fc01700000,0x000000fc01800000] [id=13056]
  0x0000028ea9c7cfb0 ConcurrentGCThread "G1 Main Marker" [stack: 0x000000fc01800000,0x000000fc01900000] [id=13060]
  0x0000028ea9c7e160 ConcurrentGCThread "G1 Conc#0" [stack: 0x000000fc01900000,0x000000fc01a00000] [id=12816]

[error occurred during error reporting (printing all threads), id 0xc0000005, EXCEPTION_ACCESS_VIOLATION (0xc0000005) at pc=0x00007ffee3ed84b7]

VM state: not at safepoint (not fully initialized)

VM Mutex/Monitor currently owned by a thread:  ([mutex/lock_event])
[0x0000028ea9c2a600] Heap_lock - owner thread: 0x0000028ea9c2d9b0

Heap address: 0x0000000081600000, size: 2026 MB, Compressed Oops mode: 32-bit

CDS archive(s) mapped at: [0x0000000000000000-0x0000000000000000-0x0000000000000000), size 0, SharedBaseAddress: 0x0000000800000000, ArchiveRelocationMode: 0.
Narrow klass base: 0x0000000000000000, Narrow klass shift: 0, Narrow klass range: 0x0

GC Precious Log:
<Empty>

Heap:
 garbage-first heap   total 0K, used 0K [0x0000000081600000, 0x0000000100000000)
  region size 1024K, 0 young (0K), 0 survivors (0K)

[error occurred during error reporting (printing heap information), id 0xc0000005, EXCEPTION_ACCESS_VIOLATION (0xc0000005) at pc=0x00007ffee42b8d89]

GC Heap History (0 events):
No events

Deoptimization events (0 events):
No events

Classes unloaded (0 events):
No events

Classes redefined (0 events):
No events

Internal exceptions (0 events):
No events

VM Operations (0 events):
No events

Events (1 events):
Event: 0.007 Loaded shared library C:\Program Files\Java\jdk-17.0.1\bin\java.dll


Dynamic libraries:
0x00007ff6a5430000 - 0x00007ff6a5440000 	C:\Program Files\Java\jdk-17.0.1\bin\java.exe
0x00007fff4d630000 - 0x00007fff4d825000 	C:\WINDOWS\SYSTEM32\ntdll.dll
0x00007fff4bbb0000 - 0x00007fff4bc6e000 	C:\WINDOWS\System32\KERNEL32.DLL
0x00007fff4b3b0000 - 0x00007fff4b679000 	C:\WINDOWS\System32\KERNELBASE.dll
0x00007fff4b0d0000 - 0x00007fff4b1d0000 	C:\WINDOWS\System32\ucrtbase.dll
0x00007fff3a600000 - 0x00007fff3a61a000 	C:\Program Files\Java\jdk-17.0.1\bin\VCRUNTIME140.dll
0x00007fff461e0000 - 0x00007fff461f8000 	C:\Program Files\Java\jdk-17.0.1\bin\jli.dll
0x00007fff4d060000 - 0x00007fff4d10c000 	C:\WINDOWS\System32\ADVAPI32.dll
0x00007fff4c7c0000 - 0x00007fff4c85e000 	C:\WINDOWS\System32\msvcrt.dll
0x00007fff4bb10000 - 0x00007fff4bbab000 	C:\WINDOWS\System32\sechost.dll
0x00007fff4d300000 - 0x00007fff4d42a000 	C:\WINDOWS\System32\RPCRT4.dll
0x00007fff4d110000 - 0x00007fff4d2b1000 	C:\WINDOWS\System32\USER32.dll
0x00007fff4af10000 - 0x00007fff4af32000 	C:\WINDOWS\System32\win32u.dll
0x00007fff3cb80000 - 0x00007fff3ce1a000 	C:\WINDOWS\WinSxS\amd64_microsoft.windows.common-controls_6595b64144ccf1df_6.0.19041.1110_none_60b5254171f9507e\COMCTL32.dll
0x00007fff4d2c0000 - 0x00007fff4d2eb000 	C:\WINDOWS\System32\GDI32.dll
0x00007fff4ad50000 - 0x00007fff4ae5b000 	C:\WINDOWS\System32\gdi32full.dll
0x00007fff4af40000 - 0x00007fff4afdd000 	C:\WINDOWS\System32\msvcp_win.dll
0x00007fff3d310000 - 0x00007fff3d31a000 	C:\WINDOWS\SYSTEM32\VERSION.dll
0x00007fff4bed0000 - 0x00007fff4bf00000 	C:\WINDOWS\System32\IMM32.DLL
0x00007fff46bb0000 - 0x00007fff46bbc000 	C:\Program Files\Java\jdk-17.0.1\bin\vcruntime140_1.dll
0x00007ffefebc0000 - 0x00007ffefec4d000 	C:\Program Files\Java\jdk-17.0.1\bin\msvcp140.dll
0x00007ffee3bf0000 - 0x00007ffee47ae000 	C:\Program Files\Java\jdk-17.0.1\bin\server\jvm.dll
0x00007fff4d2f0000 - 0x00007fff4d2f8000 	C:\WINDOWS\System32\PSAPI.DLL
0x00007fff3cff0000 - 0x00007fff3d017000 	C:\WINDOWS\SYSTEM32\WINMM.dll
0x00007fff37c10000 - 0x00007fff37c19000 	C:\WINDOWS\SYSTEM32\WSOCK32.dll
0x00007fff4bf00000 - 0x00007fff4bf6b000 	C:\WINDOWS\System32\WS2_32.dll
0x00007fff48c50000 - 0x00007fff48c62000 	C:\WINDOWS\SYSTEM32\kernel.appcore.dll
0x00007fff46b40000 - 0x00007fff46b4a000 	C:\Program Files\Java\jdk-17.0.1\bin\jimage.dll
0x00007fff36530000 - 0x00007fff36714000 	C:\WINDOWS\SYSTEM32\DBGHELP.DLL
0x00007fff36500000 - 0x00007fff3652c000 	C:\WINDOWS\SYSTEM32\dbgcore.DLL
0x00007fff4afe0000 - 0x00007fff4b063000 	C:\WINDOWS\System32\bcryptPrimitives.dll
0x00007fff39670000 - 0x00007fff39695000 	C:\Program Files\Java\jdk-17.0.1\bin\java.dll

dbghelp: loaded successfully - version: 4.0.5 - missing functions: none
symbol engine: initialized successfully - sym options: 0x614 - pdb path: .;C:\Program Files\Java\jdk-17.0.1\bin;C:\WINDOWS\SYSTEM32;C:\WINDOWS\WinSxS\amd64_microsoft.windows.common-controls_6595b64144ccf1df_6.0.19041.1110_none_60b5254171f9507e;C:\Program Files\Java\jdk-17.0.1\bin\server

VM Arguments:
java_command: com.mycompany.truongducthang.java
java_class_path (initial): C:\Users\Thai\Documents\NetBeansProjects\TruongDucThang\target\classes
Launcher Type: SUN_STANDARD

[Global flags]
     intx CICompilerCount                          = 3                                         {product} {ergonomic}
     uint ConcGCThreads                            = 1                                         {product} {ergonomic}
     uint G1ConcRefinementThreads                  = 4                                         {product} {ergonomic}
   size_t G1HeapRegionSize                         = 1048576                                   {product} {ergonomic}
    uintx GCDrainStackTargetSize                   = 64                                        {product} {ergonomic}
   size_t InitialHeapSize                          = 134217728                                 {product} {ergonomic}
   size_t MarkStackSize                            = 4194304                                   {product} {ergonomic}
   size_t MaxHeapSize                              = 2124414976                                {product} {ergonomic}
   size_t MinHeapDeltaBytes                        = 1048576                                   {product} {ergonomic}
   size_t MinHeapSize                              = 8388608                                   {product} {ergonomic}
    uintx NonNMethodCodeHeapSize                   = 5832780                                {pd product} {ergonomic}
    uintx NonProfiledCodeHeapSize                  = 122912730                              {pd product} {ergonomic}
    uintx ProfiledCodeHeapSize                     = 122912730                              {pd product} {ergonomic}
    uintx ReservedCodeCacheSize                    = 251658240                              {pd product} {ergonomic}
     bool SegmentedCodeCache                       = true                                      {product} {ergonomic}
   size_t SoftMaxHeapSize                          = 2124414976                             {manageable} {ergonomic}
     bool UseCompressedClassPointers               = true                           {product lp64_product} {ergonomic}
     bool UseCompressedOops                        = true                           {product lp64_product} {ergonomic}
     bool UseG1GC                                  = true                                      {product} {ergonomic}
     bool UseLargePagesIndividualAllocation        = false                                  {pd product} {ergonomic}

Logging:
Log output configuration:
 #0: stdout all=warning uptime,level,tags
 #1: stderr all=off uptime,level,tags

Environment Variables:
JAVA_HOME=C:\Program Files\Java\jdk-17.0.1
PATH=C:\Program Files\Common Files\Oracle\Java\javapath;C:\Program Files (x86)\Intel\iCLS Client\;C:\Program Files\Intel\iCLS Client\;C:\WINDOWS\system32;C:\WINDOWS;C:\WINDOWS\System32\Wbem;C:\WINDOWS\System32\WindowsPowerShell\v1.0\;C:\WINDOWS\System32\OpenSSH\;C:\Program Files\Intel\Intel(R) Management Engine Components\DAL;C:\Program Files\Intel\Intel(R) Management Engine Components\IPT;C:\Program Files (x86)\Intel\Intel(R) Management Engine Components\DAL;C:\Program Files (x86)\Intel\Intel(R) Management Engine Components\IPT;C:\Program Files\dotnet\;C:\Program Files\Git\cmd;C:\Users\Thai\AppData\Local\Microsoft\WindowsApps;C:\Users\Thai\AppData\Local\Programs\Microsoft VS Code\bin;C:\Users\Thai\.dotnet\tools
USERNAME=Thai
OS=Windows_NT
PROCESSOR_IDENTIFIER=Intel64 Family 6 Model 69 Stepping 1, GenuineIntel



---------------  S Y S T E M  ---------------

OS:
 Windows 10 , 64 bit Build 19041 (10.0.19041.1202)
OS uptime: 0 days 0:41 hours

CPU: total 4 (initial active 4) (2 cores per cpu, 2 threads per core) family 6 model 69 stepping 1 microcode 0x25, cx8, cmov, fxsr, ht, mmx, sse, sse2, sse3, ssse3, sse4.1, sse4.2, popcnt, lzcnt, tsc, tscinvbit, avx, avx2, aes, erms, clmul, bmi1, bmi2, fma, vzeroupper, clflush

Memory: 4k page, system-wide physical 8097M (926M free)
TotalPageFile size 9807M (AvailPageFile size 12M)
current process WorkingSet (physical memory assigned to process): 10M, peak: 10M
current process commit charge ("private bytes"): 51M, peak: 179M

vm_info: Java HotSpot(TM) 64-Bit Server VM (17.0.1+12-LTS-39) for windows-amd64 JRE (17.0.1+12-LTS-39), built on Sep 27 2021 18:41:35 by "mach5one" with MS VC++ 16.8 (VS2019)

END.
